<?xml version="1.0" encoding="UTF-8"?>
<testsuite name="com.facu.restfake.MayaFakeApiTests" tests="1" skipped="0" failures="0" errors="0" timestamp="2023-10-05T12:22:00" hostname="DESKTOP-ISAUELV" time="1.226">
  <properties/>
  <testcase name="contextLoads()" classname="com.facu.restfake.MayaFakeApiTests" time="1.226"/>
  <system-out><![CDATA[09:21:53.911 [Test worker] INFO org.springframework.test.context.support.AnnotationConfigContextLoaderUtils -- Could not detect default configuration classes for test class [com.facu.restfake.MayaFakeApiTests]: MayaFakeApiTests does not declare any static, non-private, non-final, nested classes annotated with @Configuration.
09:21:54.050 [Test worker] INFO org.springframework.boot.test.context.SpringBootTestContextBootstrapper -- Found @SpringBootConfiguration com.facu.restfake.MayaFakeApi for test class com.facu.restfake.MayaFakeApiTests

  .   ____          _            __ _ _
 /\\ / ___'_ __ _ _(_)_ __  __ _ \ \ \ \
( ( )\___ | '_ | '_| | '_ \/ _` | \ \ \ \
 \\/  ___)| |_)| | | | | || (_| |  ) ) ) )
  '  |____| .__|_| |_|_| |_\__, | / / / /
 =========|_|==============|___/=/_/_/_/
 :: Spring Boot ::                (v3.1.3)

2023-10-05T09:21:54.682-03:00  INFO 15112 --- [    Test worker] com.facu.restfake.MayaFakeApiTests       : Starting MayaFakeApiTests using Java 17.0.8 with PID 15112 (started by Lautaro in D:\Facu\Desarrollo de Software\tpMayaFakeApi\tpMayaFakeApi\MayaFakeApi)
2023-10-05T09:21:54.685-03:00  INFO 15112 --- [    Test worker] com.facu.restfake.MayaFakeApiTests       : No active profile set, falling back to 1 default profile: "default"
2023-10-05T09:21:55.933-03:00  INFO 15112 --- [    Test worker] .s.d.r.c.RepositoryConfigurationDelegate : Bootstrapping Spring Data JPA repositories in DEFAULT mode.
2023-10-05T09:21:56.051-03:00  INFO 15112 --- [    Test worker] .s.d.r.c.RepositoryConfigurationDelegate : Finished Spring Data repository scanning in 105 ms. Found 5 JPA repository interfaces.
2023-10-05T09:21:56.696-03:00  INFO 15112 --- [    Test worker] o.hibernate.jpa.internal.util.LogHelper  : HHH000204: Processing PersistenceUnitInfo [name: default]
2023-10-05T09:21:56.772-03:00  INFO 15112 --- [    Test worker] org.hibernate.Version                    : HHH000412: Hibernate ORM core version 6.2.7.Final
2023-10-05T09:21:56.775-03:00  INFO 15112 --- [    Test worker] org.hibernate.cfg.Environment            : HHH000406: Using bytecode reflection optimizer
2023-10-05T09:21:57.015-03:00  INFO 15112 --- [    Test worker] o.h.b.i.BytecodeProviderInitiator        : HHH000021: Bytecode provider name : bytebuddy
2023-10-05T09:21:57.208-03:00  INFO 15112 --- [    Test worker] o.s.o.j.p.SpringPersistenceUnitInfo      : No LoadTimeWeaver setup: ignoring JPA class transformer
2023-10-05T09:21:57.230-03:00  INFO 15112 --- [    Test worker] com.zaxxer.hikari.HikariDataSource       : HikariPool-1 - Starting...
2023-10-05T09:21:57.481-03:00  INFO 15112 --- [    Test worker] com.zaxxer.hikari.pool.HikariPool        : HikariPool-1 - Added connection conn0: url=jdbc:h2:mem:./facudb user=SA
2023-10-05T09:21:57.484-03:00  INFO 15112 --- [    Test worker] com.zaxxer.hikari.HikariDataSource       : HikariPool-1 - Start completed.
2023-10-05T09:21:57.879-03:00  INFO 15112 --- [    Test worker] o.h.b.i.BytecodeProviderInitiator        : HHH000021: Bytecode provider name : bytebuddy
2023-10-05T09:21:58.816-03:00  INFO 15112 --- [    Test worker] o.h.e.t.j.p.i.JtaPlatformInitiator       : HHH000490: Using JtaPlatform implementation: [org.hibernate.engine.transaction.jta.platform.internal.NoJtaPlatform]
Hibernate: create table autor (id bigint generated by default as identity, apellido varchar(255), biografia varchar(255), nombre varchar(255), primary key (id))
Hibernate: create table domicilio (id bigint generated by default as identity, calle varchar(255), numero integer not null, localidad_id bigint, primary key (id))
Hibernate: create table libro (id bigint generated by default as identity, fecha integer not null, genero varchar(255), paginas integer not null, titulo varchar(255), persona_id bigint, primary key (id))
Hibernate: create table libro_autor (libro_id bigint not null, autor_id bigint not null)
Hibernate: create table localidad (id bigint generated by default as identity, denominacion varchar(255), primary key (id))
Hibernate: create table persona (id bigint generated by default as identity, apellido varchar(255), dni integer not null, nombre varchar(255), domicilio_id bigint, primary key (id))
Hibernate: alter table if exists persona drop constraint if exists UK_k2cp7qbfi780x0x5x0y42pnj6
Hibernate: alter table if exists persona add constraint UK_k2cp7qbfi780x0x5x0y42pnj6 unique (domicilio_id)
Hibernate: alter table if exists domicilio add constraint FK8t63gx4v022qapv45vdwld71j foreign key (localidad_id) references localidad
Hibernate: alter table if exists libro add constraint FKqga836umya972tksfj3ltojlg foreign key (persona_id) references persona
Hibernate: alter table if exists libro_autor add constraint FKjf2fhkw7ta2mvhhiugwd6k2tn foreign key (autor_id) references autor
Hibernate: alter table if exists libro_autor add constraint FKk7238iexfym9eoh3s1uof6a1s foreign key (libro_id) references libro
Hibernate: alter table if exists persona add constraint FKn3vkpx4b7w8srg10ohh1upive foreign key (domicilio_id) references domicilio
2023-10-05T09:21:58.923-03:00  INFO 15112 --- [    Test worker] j.LocalContainerEntityManagerFactoryBean : Initialized JPA EntityManagerFactory for persistence unit 'default'
2023-10-05T09:21:59.802-03:00  WARN 15112 --- [    Test worker] JpaBaseConfiguration$JpaWebConfiguration : spring.jpa.open-in-view is enabled by default. Therefore, database queries may be performed during view rendering. Explicitly configure spring.jpa.open-in-view to disable this warning
2023-10-05T09:22:00.376-03:00  INFO 15112 --- [    Test worker] o.s.b.a.h2.H2ConsoleAutoConfiguration    : H2 console available at '/h2-console'. Database available at 'jdbc:h2:mem:./facudb'
2023-10-05T09:22:00.464-03:00  INFO 15112 --- [    Test worker] com.facu.restfake.MayaFakeApiTests       : Started MayaFakeApiTests in 6.109 seconds (process running for 8.035)
]]></system-out>
  <system-err><![CDATA[]]></system-err>
</testsuite>
